{"level":"info","message":"Servidor corriendo en puerto 8080, mode: FORK"}
{"level":"info","message":"Servidor corriendo en puerto 8080, mode: FORK"}
{"level":"info","message":"Usuario [9ODDi6JPkzq0Xrb-AAAB] conectado [19/11/2022 16:18:44]"}
{"level":"info","message":"Servidor corriendo en puerto 8080, mode: FORK"}
{"level":"info","message":"Servidor corriendo en puerto 8080, mode: FORK"}
{"level":"info","message":"Servidor corriendo en puerto 8080, mode: FORK"}
{"level":"info","message":"Servidor corriendo en puerto 8080, mode: FORK"}
{"level":"info","message":"Usuario [GQta-fnKkqF0R6HqAAAB] conectado [27/11/2022 18:47:25]"}
{"level":"info","message":"Servidor corriendo en puerto 8080, mode: FORK"}
{"level":"info","message":"Usuario [bo3PXLSuJ3n2IssBAAAB] conectado [5/0/2023 11:19:8]"}
{"level":"warn","message":"Cliente desconectado"}
{"level":"info","message":"Usuario [vDMVyucDm6XjvMUaAAAD] conectado [5/0/2023 11:19:26]"}
{"level":"warn","message":"Cliente desconectado"}
{"level":"info","message":"Usuario [-ZA1oIGP2Xa0VLGiAAAF] conectado [5/0/2023 11:19:48]"}
{"level":"warn","message":"Cliente desconectado"}
{"level":"info","message":"Usuario [G4idGMdB4Kq5Ij8IAAAH] conectado [5/0/2023 11:20:53]"}
{"level":"warn","message":"Cliente desconectado"}
{"level":"info","message":"Servidor corriendo en puerto 8080, mode: FORK"}
{"level":"info","message":"Servidor corriendo en puerto 8080, mode: FORK"}
{"level":"info","message":"Servidor corriendo en puerto 8080, mode: FORK"}
{"level":"info","message":"Servidor corriendo en puerto 8080, mode: FORK"}
{"level":"info","message":"Servidor corriendo en puerto 8080, mode: FORK"}
{"level":"info","message":"Servidor corriendo en puerto 8080, mode: FORK"}
{"level":"info","message":"Servidor corriendo en puerto 8080, mode: FORK"}
{"level":"info","message":"Servidor corriendo en puerto 8080, mode: FORK"}
{"level":"info","message":"Servidor corriendo en puerto 8080, mode: FORK"}
{"level":"info","message":"Servidor corriendo en puerto 8080, mode: FORK"}
{"level":"info","message":"Servidor corriendo en puerto 8080, mode: FORK"}
{"level":"info","message":"Servidor corriendo en puerto 8080, mode: FORK"}
{"level":"info","message":"Servidor corriendo en puerto 8080, mode: FORK"}
{"level":"info","message":"Usuario [FqwHrV3adMTDc7ccAAAB] conectado [5/0/2023 11:35:20]"}
{"level":"warn","message":"Cliente desconectado"}
{"level":"info","message":"Usuario [gbgQ98QBYtbuOKfxAAAD] conectado [5/0/2023 11:39:41]"}
{"level":"warn","message":"Cliente desconectado"}
{"level":"info","message":"Usuario [ZqsyMYlNjJVDTAMpAAAF] conectado [5/0/2023 12:0:6]"}
{"level":"warn","message":"Cliente desconectado"}
{"level":"info","message":"Servidor corriendo en puerto 8080, mode: FORK"}
{"level":"info","message":"Servidor corriendo en puerto 8080, mode: FORK"}
{"level":"info","message":"Servidor corriendo en puerto 8080, mode: FORK"}
{"level":"info","message":"Servidor corriendo en puerto 8080, mode: FORK"}
{"level":"info","message":"Servidor corriendo en puerto 8080, mode: FORK"}
{"level":"info","message":"Usuario [1xi4mxBxR5qpeW0pAAAB] conectado [5/0/2023 12:6:38]"}
{"level":"warn","message":"Cliente desconectado"}
{"level":"info","message":"Servidor corriendo en puerto 8080, mode: FORK"}
{"level":"info","message":"Servidor corriendo en puerto 8080, mode: FORK"}
{"level":"info","message":"Usuario [amVfu22A-PcpLcxkAAAB] conectado [5/0/2023 12:7:34]"}
{"level":"warn","message":"Cliente desconectado"}
{"level":"info","message":"Servidor corriendo en puerto 8080, mode: FORK"}
{"level":"info","message":"Usuario [XTgF8A2F1V316_AJAAAB] conectado [5/0/2023 12:7:47]"}
{"level":"warn","message":"Cliente desconectado"}
{"level":"info","message":"Servidor corriendo en puerto 8080, mode: FORK"}
{"level":"info","message":"Usuario [QIRBqdhVit7qJnaNAAAB] conectado [5/0/2023 12:8:7]"}
{"level":"warn","message":"Cliente desconectado"}
{"level":"info","message":"Usuario [ApAie4wezUvkiT3oAAAD] conectado [5/0/2023 12:8:20]"}
{"level":"warn","message":"Cliente desconectado"}
{"level":"info","message":"Usuario [ICE-8wKITHXTTrirAAAF] conectado [5/0/2023 12:8:21]"}
{"level":"warn","message":"Cliente desconectado"}
{"level":"info","message":"Servidor corriendo en puerto 8080, mode: FORK"}
{"level":"info","message":"Usuario [gIsSB5Pp75YKC-3sAAAB] conectado [5/0/2023 12:15:45]"}
{"level":"warn","message":"Cliente desconectado"}
{"level":"info","message":"Servidor corriendo en puerto 8080, mode: FORK"}
{"level":"info","message":"Servidor corriendo en puerto 8080, mode: FORK"}
{"level":"info","message":"Servidor corriendo en puerto 8080, mode: FORK"}
{"level":"info","message":"Servidor corriendo en puerto 8080, mode: FORK"}
{"level":"info","message":"Servidor corriendo en puerto 8080, mode: FORK"}
{"level":"info","message":"Servidor corriendo en puerto 8080, mode: FORK"}
{"level":"info","message":"Servidor corriendo en puerto 8080, mode: FORK"}
{"level":"info","message":"Servidor corriendo en puerto 8080, mode: FORK"}
{"level":"info","message":"Usuario [9y80qMt_dmIlkBoHAAAB] conectado [5/0/2023 12:21:29]"}
{"level":"warn","message":"Cliente desconectado"}
{"level":"info","message":"Usuario [bgXcIaUGelEpGnDnAAAD] conectado [5/0/2023 12:21:31]"}
{"level":"warn","message":"Cliente desconectado"}
{"level":"info","message":"Servidor corriendo en puerto 8080, mode: FORK"}
{"level":"info","message":"Usuario [BQNGpwAApFoQxCYpAAAB] conectado [5/0/2023 12:21:41]"}
{"level":"info","message":"Servidor corriendo en puerto 8080, mode: FORK"}
{"level":"info","message":"Usuario [D2OayyA9j3Fz7OdAAAAB] conectado [5/0/2023 12:21:51]"}
{"level":"info","message":"Servidor corriendo en puerto 8080, mode: FORK"}
{"level":"info","message":"Servidor corriendo en puerto 8080, mode: FORK"}
{"level":"info","message":"Usuario [nRBVD-nwTfooiN8GAAAB] conectado [5/0/2023 12:23:55]"}
{"level":"info","message":"Servidor corriendo en puerto 8080, mode: FORK"}
{"level":"info","message":"Usuario [t6QqgFDdxZZakgjlAAAC] conectado [5/0/2023 12:24:12]"}
{"level":"warn","message":"Cliente desconectado"}
{"level":"info","message":"Usuario [M9Um7csdzBzzaVwlAAAE] conectado [5/0/2023 12:25:10]"}
{"level":"info","message":"Usuario [bqskgzDJsIa5bnmzAAAG] conectado [5/0/2023 12:25:11]"}
{"level":"info","message":"Usuario [EKCA1_7qNa5NcWUXAAAI] conectado [5/0/2023 12:25:12]"}
{"level":"info","message":"Usuario [7hkTkJi7EFjSr3hpAAAK] conectado [5/0/2023 12:25:13]"}
{"level":"warn","message":"Cliente desconectado"}
{"level":"warn","message":"Cliente desconectado"}
{"level":"warn","message":"Cliente desconectado"}
{"level":"warn","message":"Cliente desconectado"}
{"level":"info","message":"Usuario [Et7WP1-PN_j6aChfAAAM] conectado [5/0/2023 12:32:22]"}
{"level":"warn","message":"Cliente desconectado"}
{"level":"info","message":"Servidor corriendo en puerto 8080, mode: FORK"}
{"level":"info","message":"Servidor corriendo en puerto 8080, mode: FORK"}
{"level":"info","message":"Servidor corriendo en puerto 8080, mode: FORK"}
{"level":"info","message":"Usuario [Ne69PlafbzH7-CkSAAAB] conectado [5/0/2023 12:34:49]"}
{"level":"info","message":"Usuario [g52_e4_VgkWM_dshAAAD] conectado [5/0/2023 12:34:49]"}
{"level":"warn","message":"Cliente desconectado"}
{"level":"warn","message":"Cliente desconectado"}
{"level":"info","message":"Servidor corriendo en puerto 8080, mode: FORK"}
{"level":"info","message":"Servidor corriendo en puerto 8080, mode: FORK"}
{"level":"info","message":"Usuario [P3PzH-ttRTA0ihL5AAAB] conectado [5/0/2023 12:37:31]"}
{"level":"warn","message":"Cliente desconectado"}
{"level":"info","message":"Servidor corriendo en puerto 8080, mode: FORK"}
{"level":"info","message":"Usuario [bv2bfpTT9_bUqVVtAAAB] conectado [5/0/2023 12:42:19]"}
{"level":"warn","message":"Cliente desconectado"}
{"level":"info","message":"Usuario [VKg5CE1vgFFjPh8nAAAD] conectado [5/0/2023 12:43:44]"}
{"level":"warn","message":"Cliente desconectado"}
{"level":"info","message":"Usuario [ykgdgGWPQ2FZQoDAAAAF] conectado [5/0/2023 12:43:56]"}
{"level":"warn","message":"Cliente desconectado"}
{"level":"info","message":"Servidor corriendo en puerto 8080, mode: FORK"}
{"level":"info","message":"Usuario [i07jbE7ubZZs0egZAAAB] conectado [5/0/2023 12:49:30]"}
{"level":"warn","message":"Cliente desconectado"}
{"level":"info","message":"Servidor corriendo en puerto 8080, mode: FORK"}
{"level":"info","message":"Servidor corriendo en puerto 8080, mode: FORK"}
{"level":"info","message":"Servidor corriendo en puerto 8080, mode: FORK"}
{"level":"info","message":"Usuario [2me9p37i9qEuVq6TAAAB] conectado [5/0/2023 12:56:12]"}
{"level":"warn","message":"Cliente desconectado"}
{"level":"info","message":"Usuario [JGJz1RTF65FPySUFAAAD] conectado [5/0/2023 12:57:5]"}
{"level":"warn","message":"Cliente desconectado"}
{"level":"info","message":"Usuario [thF-Wozvw8WV--fJAAAF] conectado [5/0/2023 12:57:6]"}
{"level":"warn","message":"Cliente desconectado"}
{"level":"info","message":"Usuario [cdfrs-ujY6EsBClMAAAH] conectado [5/0/2023 12:57:13]"}
{"level":"warn","message":"Cliente desconectado"}
{"level":"info","message":"Servidor corriendo en puerto 8080, mode: FORK"}
{"level":"info","message":"Usuario [2t8QVktTniFZbSNOAAAB] conectado [5/0/2023 12:57:23]"}
{"level":"info","message":"Servidor corriendo en puerto 8080, mode: FORK"}
{"level":"info","message":"Usuario [Tk2f8qBhGP3UR-kkAAAC] conectado [5/0/2023 12:58:34]"}
{"level":"warn","message":"Cliente desconectado"}
{"level":"info","message":"Usuario [JXkDdTnQRQlz9OzYAAAE] conectado [5/0/2023 12:58:40]"}
{"level":"warn","message":"Cliente desconectado"}
{"level":"info","message":"Usuario [6ndz2EVzDQZD81tkAAAG] conectado [5/0/2023 12:58:41]"}
{"level":"warn","message":"Cliente desconectado"}
{"level":"info","message":"Usuario [-CPOMk901LIrqjzRAAAI] conectado [5/0/2023 12:58:41]"}
{"level":"warn","message":"Cliente desconectado"}
{"level":"info","message":"Usuario [Lonsn4dMgkFjGcSeAAAK] conectado [5/0/2023 12:58:46]"}
{"level":"info","message":"Servidor corriendo en puerto 8080, mode: FORK"}
{"level":"info","message":"Usuario [1lNWEMu21Eo-woxnAAAB] conectado [5/0/2023 13:5:31]"}
{"level":"info","message":"Servidor corriendo en puerto 8080, mode: FORK"}
{"level":"info","message":"Usuario [VYWG-_cPlqDaqkcZAAAC] conectado [5/0/2023 13:6:12]"}
{"level":"warn","message":"Cliente desconectado"}
{"level":"info","message":"Servidor corriendo en puerto 8080, mode: FORK"}
{"level":"info","message":"Usuario [7BUw4R6Q-GWovOrcAAAB] conectado [5/0/2023 13:6:26]"}
{"level":"warn","message":"Cliente desconectado"}
{"level":"info","message":"Usuario [hXKzgmjeL-KF9E4NAAAD] conectado [5/0/2023 13:6:31]"}
{"level":"warn","message":"Cliente desconectado"}
{"level":"info","message":"Usuario [7D4ppqVLYUwODP8gAAAF] conectado [5/0/2023 13:6:32]"}
{"level":"warn","message":"Cliente desconectado"}
{"level":"info","message":"Usuario [kHVLRoLtWturvdQPAAAH] conectado [5/0/2023 13:6:33]"}
{"level":"warn","message":"Cliente desconectado"}
{"level":"info","message":"Usuario [qTc3bMY0QG0a5LGoAAAJ] conectado [5/0/2023 13:6:41]"}
{"level":"warn","message":"Cliente desconectado"}
{"level":"info","message":"Usuario [vv0krKqLmeAPU_4uAAAL] conectado [5/0/2023 13:6:45]"}
{"level":"info","message":"Servidor corriendo en puerto 8080, mode: FORK"}
{"level":"info","message":"Usuario [-KOzzUwUolPp6VwaAAAB] conectado [5/0/2023 13:8:45]"}
{"level":"info","message":"Servidor corriendo en puerto 8080, mode: FORK"}
{"level":"info","message":"Usuario [YlQAo3ut86N4tePxAAAB] conectado [5/0/2023 13:9:5]"}
{"level":"info","message":"Servidor corriendo en puerto 8080, mode: FORK"}
{"level":"info","message":"Usuario [rDlThh5ONCCKgh9GAAAB] conectado [5/0/2023 13:9:57]"}
{"level":"info","message":"Servidor corriendo en puerto 8080, mode: FORK"}
{"level":"info","message":"Usuario [l-vVbO8OFp0931nhAAAB] conectado [5/0/2023 13:10:26]"}
{"level":"info","message":"Servidor corriendo en puerto 8080, mode: FORK"}
{"level":"info","message":"Usuario [_XYLY6SobZylUeDtAAAB] conectado [5/0/2023 13:10:32]"}
{"level":"info","message":"Servidor corriendo en puerto 8080, mode: FORK"}
{"level":"info","message":"Usuario [Pgv9b5_x7V7EP3g4AAAB] conectado [5/0/2023 13:10:58]"}
{"level":"info","message":"Servidor corriendo en puerto 8080, mode: FORK"}
{"level":"info","message":"Usuario [RiO49n-OxnYIE8Y1AAAB] conectado [5/0/2023 13:11:12]"}
{"level":"info","message":"Servidor corriendo en puerto 8080, mode: FORK"}
{"level":"info","message":"Usuario [gxhadid9VdkqL5x2AAAB] conectado [5/0/2023 13:11:21]"}
{"level":"info","message":"Servidor corriendo en puerto 8080, mode: FORK"}
{"level":"info","message":"Usuario [3Qc8xNpAbTS5fZbEAAAB] conectado [5/0/2023 13:11:59]"}
{"level":"info","message":"Servidor corriendo en puerto 8080, mode: FORK"}
{"level":"info","message":"Usuario [o8-MBF7CfZow22UNAAAB] conectado [5/0/2023 13:12:29]"}
{"level":"info","message":"Servidor corriendo en puerto 8080, mode: FORK"}
{"level":"info","message":"Usuario [3PMEtWrmYb1fxWKJAAAB] conectado [5/0/2023 13:13:2]"}
{"level":"info","message":"Servidor corriendo en puerto 8080, mode: FORK"}
{"level":"info","message":"Usuario [8gQ6LzBNFPKQbIaiAAAB] conectado [5/0/2023 13:13:34]"}
{"level":"info","message":"Servidor corriendo en puerto 8080, mode: FORK"}
{"level":"info","message":"Usuario [Ytr223pVSkzvHe2sAAAB] conectado [5/0/2023 13:16:8]"}
{"level":"warn","message":"Cliente desconectado"}
{"level":"info","message":"Usuario [MFNETEAzknpCubl1AAAD] conectado [5/0/2023 13:16:33]"}
{"level":"warn","message":"Cliente desconectado"}
{"level":"info","message":"Usuario [fUDiCYcjwrpzEDk6AAAF] conectado [5/0/2023 13:16:35]"}
{"level":"warn","message":"Cliente desconectado"}
{"level":"info","message":"Usuario [g50Jjbf_lgYC0XkjAAAH] conectado [5/0/2023 13:16:36]"}
{"level":"warn","message":"Cliente desconectado"}
{"level":"info","message":"Usuario [kllK_UYRjpqNZ6TJAAAJ] conectado [5/0/2023 13:16:57]"}
{"level":"info","message":"Servidor corriendo en puerto 8080, mode: FORK"}
{"level":"info","message":"Usuario [GIjdgJpt6J04ry12AAAB] conectado [5/0/2023 13:20:48]"}
{"level":"warn","message":"Cliente desconectado"}
{"level":"info","message":"Usuario [xoguNQ44r0sjiNGEAAAD] conectado [5/0/2023 13:20:54]"}
{"level":"warn","message":"Cliente desconectado"}
{"level":"info","message":"Usuario [_Jg9iSU1RbY3Dk7ZAAAF] conectado [5/0/2023 13:20:56]"}
{"level":"warn","message":"Cliente desconectado"}
{"level":"info","message":"Usuario [dJbF74ZPeDSK4dRIAAAH] conectado [5/0/2023 13:21:6]"}
{"level":"warn","message":"Cliente desconectado"}
{"level":"info","message":"Usuario [w7y9_5AZRG28vQ2kAAAJ] conectado [5/0/2023 13:21:20]"}
{"level":"info","message":"Servidor corriendo en puerto 8080, mode: FORK"}
{"level":"info","message":"Usuario [gNQn489aOdpK45zkAAAB] conectado [5/0/2023 13:24:11]"}
{"level":"warn","message":"Cliente desconectado"}
{"level":"info","message":"Usuario [gjbHo3LZEWqZF_ViAAAD] conectado [5/0/2023 13:24:23]"}
{"level":"warn","message":"Cliente desconectado"}
{"level":"info","message":"Usuario [df403bVE1hqU7tt1AAAF] conectado [5/0/2023 13:24:25]"}
{"level":"warn","message":"Cliente desconectado"}
{"level":"info","message":"Usuario [Rh0WY3USJH5rJhLaAAAH] conectado [5/0/2023 13:24:37]"}
{"level":"info","message":"Servidor corriendo en puerto 8080, mode: FORK"}
{"level":"info","message":"Usuario [4BkNPqzC8cjtOECgAAAB] conectado [5/0/2023 13:24:58]"}
{"level":"info","message":"Servidor corriendo en puerto 8080, mode: FORK"}
{"level":"info","message":"Usuario [6yWxuWDXqOUbEMiRAAAB] conectado [5/0/2023 13:28:50]"}
{"level":"info","message":"Servidor corriendo en puerto 8080, mode: FORK"}
{"level":"info","message":"Usuario [qvw3_6Wd4wYmAQQyAAAB] conectado [5/0/2023 13:29:42]"}
{"level":"info","message":"Servidor corriendo en puerto 8080, mode: FORK"}
{"level":"info","message":"Usuario [Ph0ZvHQw1UgXG7XxAAAB] conectado [5/0/2023 13:29:45]"}
{"level":"info","message":"Servidor corriendo en puerto 8080, mode: FORK"}
{"level":"info","message":"Usuario [3n_isqWFmqT1dZyWAAAB] conectado [5/0/2023 13:30:10]"}
{"level":"warn","message":"Cliente desconectado"}
{"level":"info","message":"Usuario [eyRl5EyI1OZYJlWZAAAD] conectado [5/0/2023 13:32:22]"}
{"level":"warn","message":"Cliente desconectado"}
{"level":"info","message":"Usuario [kuzFTt0XPjBzaHOSAAAF] conectado [5/0/2023 13:34:39]"}
{"level":"warn","message":"Cliente desconectado"}
{"level":"info","message":"Usuario [PAk-qkHivndcbHHtAAAH] conectado [5/0/2023 13:34:52]"}
{"level":"warn","message":"Cliente desconectado"}
{"level":"info","message":"Usuario [tF9CfUQ0VtFoTESwAAAJ] conectado [5/0/2023 13:34:56]"}
{"level":"info","message":"Servidor corriendo en puerto 8080, mode: FORK"}
{"level":"info","message":"Usuario [B8Xpo9Hp6RSiIn6-AAAB] conectado [5/0/2023 13:37:11]"}
{"level":"info","message":"Servidor corriendo en puerto 8080, mode: FORK"}
{"level":"info","message":"Usuario [7Ge5tBrLUjlw5VqjAAAB] conectado [5/0/2023 13:37:22]"}
{"level":"info","message":"Servidor corriendo en puerto 8080, mode: FORK"}
{"level":"info","message":"Usuario [jCNrpjuJICqd7v5tAAAB] conectado [5/0/2023 13:38:33]"}
{"level":"warn","message":"Cliente desconectado"}
{"level":"info","message":"Usuario [C3ss_GrFfQFpeSCmAAAD] conectado [5/0/2023 13:38:49]"}
{"level":"warn","message":"Cliente desconectado"}
{"level":"info","message":"Usuario [i4NuDuTZNz9Cc_xzAAAF] conectado [5/0/2023 13:38:49]"}
{"level":"warn","message":"Cliente desconectado"}
{"level":"info","message":"Servidor corriendo en puerto 8080, mode: FORK"}
{"level":"info","message":"Usuario [U2H14HqHJQl1qiHlAAAB] conectado [5/0/2023 13:39:37]"}
{"level":"warn","message":"Cliente desconectado"}
{"level":"info","message":"Usuario [cY6xBV-h1zRYw5shAAAD] conectado [5/0/2023 13:39:39]"}
{"level":"warn","message":"Cliente desconectado"}
{"level":"info","message":"Usuario [WCoMUQChInQyk20tAAAF] conectado [5/0/2023 13:39:40]"}
{"level":"warn","message":"Cliente desconectado"}
{"level":"info","message":"Servidor corriendo en puerto 8080, mode: FORK"}
{"level":"info","message":"Usuario [v9VJi6xcO7s0iyRmAAAC] conectado [5/0/2023 13:40:28]"}
{"level":"warn","message":"Cliente desconectado"}
{"level":"info","message":"Usuario [V6Jbq_KkyStSUW6RAAAE] conectado [5/0/2023 13:40:47]"}
{"level":"info","message":"Servidor corriendo en puerto 8080, mode: FORK"}
{"level":"info","message":"Usuario [9Ujw0USvGHsLdMElAAAB] conectado [5/0/2023 13:41:30]"}
{"level":"info","message":"Servidor corriendo en puerto 8080, mode: FORK"}
{"level":"info","message":"Usuario [EZXyCZOQB6A7J6dTAAAB] conectado [5/0/2023 13:42:0]"}
{"level":"warn","message":"Cliente desconectado"}
{"level":"info","message":"Usuario [bOzNZbCaX7bxgy3HAAAD] conectado [5/0/2023 13:42:2]"}
{"level":"info","message":"Servidor corriendo en puerto 8080, mode: FORK"}
{"level":"info","message":"Usuario [S1BikoscV3ALAGowAAAC] conectado [5/0/2023 13:42:15]"}
{"level":"info","message":"Servidor corriendo en puerto 8080, mode: FORK"}
{"level":"info","message":"Usuario [15Gliq8jQ8ODeJtmAAAB] conectado [5/0/2023 13:42:22]"}
{"level":"warn","message":"Cliente desconectado"}
{"level":"info","message":"Usuario [notQwXRjVI3VGPqvAAAD] conectado [5/0/2023 13:42:26]"}
{"level":"info","message":"Servidor corriendo en puerto 8080, mode: FORK"}
{"level":"info","message":"Usuario [VsCenOYbz8Q1J8G5AAAB] conectado [5/0/2023 13:42:55]"}
{"level":"warn","message":"Cliente desconectado"}
{"level":"info","message":"Usuario [ogJCWMTbdGFg0YoTAAAD] conectado [5/0/2023 13:42:56]"}
{"level":"info","message":"Servidor corriendo en puerto 8080, mode: FORK"}
{"level":"info","message":"Usuario [XvgHXBIMyCUgljE5AAAB] conectado [5/0/2023 13:43:3]"}
{"level":"warn","message":"Cliente desconectado"}
{"level":"info","message":"Usuario [EG26Nfp5n77B-KgkAAAD] conectado [5/0/2023 13:43:4]"}
{"level":"info","message":"Servidor corriendo en puerto 8080, mode: FORK"}
{"level":"info","message":"Usuario [xlG0SEPoY_csQY0cAAAB] conectado [5/0/2023 13:43:10]"}
{"level":"warn","message":"Cliente desconectado"}
{"level":"info","message":"Usuario [ljqgS5qo2wrr5vNYAAAD] conectado [5/0/2023 13:43:10]"}
{"level":"info","message":"Servidor corriendo en puerto 8080, mode: FORK"}
{"level":"info","message":"Usuario [UrxyC7TUK4UhRSzJAAAB] conectado [5/0/2023 13:43:31]"}
{"level":"warn","message":"Cliente desconectado"}
{"level":"info","message":"Usuario [dmizLtAeO54nBE94AAAD] conectado [5/0/2023 13:43:33]"}
{"level":"info","message":"Servidor corriendo en puerto 8080, mode: FORK"}
{"level":"info","message":"Usuario [L4TqqKTnBrsizl_NAAAC] conectado [5/0/2023 13:43:39]"}
{"level":"warn","message":"Cliente desconectado"}
{"level":"info","message":"Usuario [mkaZl_A_oEt7h_jTAAAE] conectado [5/0/2023 13:43:45]"}
{"level":"info","message":"Servidor corriendo en puerto 8080, mode: FORK"}
{"level":"info","message":"Usuario [ldKqVgza8AojTqXlAAAB] conectado [5/0/2023 13:43:57]"}
{"level":"info","message":"Servidor corriendo en puerto 8080, mode: FORK"}
{"level":"info","message":"Usuario [dm6WSrgZZS1m1glzAAAB] conectado [5/0/2023 13:44:41]"}
{"level":"warn","message":"Cliente desconectado"}
{"level":"info","message":"Usuario [Lkzu9ifprbpuBPTCAAAD] conectado [5/0/2023 13:44:55]"}
{"level":"warn","message":"Cliente desconectado"}
{"level":"info","message":"Usuario [AZ26IjFiNn-yTxkJAAAF] conectado [5/0/2023 13:45:8]"}
{"level":"warn","message":"Cliente desconectado"}
{"level":"info","message":"Usuario [H6i02bgtpE3dmtiYAAAH] conectado [5/0/2023 13:45:33]"}
{"level":"warn","message":"Cliente desconectado"}
{"level":"info","message":"Usuario [3K9ZQR8gjl8qZAApAAAJ] conectado [5/0/2023 13:45:47]"}
{"level":"warn","message":"Cliente desconectado"}
{"level":"info","message":"Servidor corriendo en puerto 8080, mode: FORK"}
{"level":"info","message":"Usuario [cDmVP-tv6tqZOl9LAAAB] conectado [5/0/2023 13:46:4]"}
{"level":"warn","message":"Cliente desconectado"}
{"level":"info","message":"Servidor corriendo en puerto 8080, mode: FORK"}
{"level":"info","message":"Usuario [dGq4xcZth2OMqfUzAAAB] conectado [5/0/2023 13:46:23]"}
{"level":"warn","message":"Cliente desconectado"}
{"level":"info","message":"Servidor corriendo en puerto 8080, mode: FORK"}
{"level":"info","message":"Usuario [7Y2pE6k0ZKH_WbZtAAAB] conectado [5/0/2023 13:46:31]"}
{"level":"warn","message":"Cliente desconectado"}
{"level":"info","message":"Usuario [FuP2iStfQxElUVeXAAAD] conectado [5/0/2023 13:47:6]"}
{"level":"warn","message":"Cliente desconectado"}
{"level":"info","message":"Usuario [EIfC8OrjY6xZfg_mAAAF] conectado [5/0/2023 13:47:48]"}
{"level":"info","message":"Servidor corriendo en puerto 8080, mode: FORK"}
{"level":"info","message":"Usuario [JucfDTXcBec4Tgh1AAAB] conectado [5/0/2023 13:48:1]"}
{"level":"info","message":"Servidor corriendo en puerto 8080, mode: FORK"}
{"level":"info","message":"Usuario [wozMz2BsAz5OKHlsAAAB] conectado [5/0/2023 13:48:20]"}
{"level":"info","message":"Servidor corriendo en puerto 8080, mode: FORK"}
{"level":"info","message":"Usuario [euzO7RihQvjAXHzKAAAC] conectado [5/0/2023 13:48:31]"}
{"level":"warn","message":"Cliente desconectado"}
{"level":"info","message":"Servidor corriendo en puerto 8080, mode: FORK"}
{"level":"info","message":"Usuario [sqShC02hf3Qamq-nAAAB] conectado [5/0/2023 13:49:4]"}
{"level":"warn","message":"Cliente desconectado"}
{"level":"info","message":"Usuario [rUIC58ha0jEHhzj5AAAD] conectado [5/0/2023 13:49:14]"}
{"level":"warn","message":"Cliente desconectado"}
{"level":"info","message":"Usuario [mkWz7YvP2M6Wg6P2AAAF] conectado [5/0/2023 13:50:1]"}
{"level":"info","message":"Servidor corriendo en puerto 8080, mode: FORK"}
{"level":"info","message":"Usuario [MgJyHTLG44-8uf8fAAAB] conectado [5/0/2023 13:50:17]"}
{"level":"warn","message":"Cliente desconectado"}
{"level":"info","message":"Usuario [RXBPBGvDuz0zZ-faAAAD] conectado [5/0/2023 13:50:18]"}
{"level":"warn","message":"Cliente desconectado"}
{"level":"info","message":"Servidor corriendo en puerto 8080, mode: FORK"}
{"level":"info","message":"Servidor corriendo en puerto 8080, mode: FORK"}
{"level":"info","message":"Usuario [wEUGTguP5RGdjSPOAAAB] conectado [5/0/2023 13:51:38]"}
{"level":"info","message":"Servidor corriendo en puerto 8080, mode: FORK"}
{"level":"info","message":"Usuario [hVqXVKcoVHvTO-wMAAAB] conectado [5/0/2023 13:52:34]"}
{"level":"warn","message":"Cliente desconectado"}
{"level":"info","message":"Usuario [HCAbSPIuYoIEzseHAAAD] conectado [5/0/2023 13:53:12]"}
{"level":"warn","message":"Cliente desconectado"}
{"level":"info","message":"Servidor corriendo en puerto 8080, mode: FORK"}
{"level":"info","message":"Usuario [AJxqmu5IkgxPwSVJAAAB] conectado [5/0/2023 13:53:26]"}
{"level":"warn","message":"Cliente desconectado"}
{"level":"info","message":"Usuario [zErUh0EC4SfFLP7HAAAD] conectado [5/0/2023 13:54:13]"}
{"level":"info","message":"Servidor corriendo en puerto 8080, mode: FORK"}
{"level":"info","message":"Servidor corriendo en puerto 8080, mode: FORK"}
{"level":"info","message":"Servidor corriendo en puerto 8080, mode: FORK"}
{"level":"info","message":"Servidor corriendo en puerto 8080, mode: FORK"}
{"level":"info","message":"Servidor corriendo en puerto 8080, mode: FORK"}
{"level":"info","message":"Servidor corriendo en puerto 8080, mode: FORK"}
{"level":"info","message":"Usuario [fcUzU5mRH7FmUByZAAAB] conectado [5/0/2023 13:59:37]"}
{"level":"warn","message":"Cliente desconectado"}
{"level":"info","message":"Usuario [EafABKzdbfhiuvGcAAAD] conectado [5/0/2023 13:59:44]"}
{"level":"warn","message":"Cliente desconectado"}
{"level":"info","message":"Usuario [y9YHBeXbjC28sLJvAAAF] conectado [5/0/2023 13:59:45]"}
{"level":"warn","message":"Cliente desconectado"}
{"level":"info","message":"Usuario [W_YqGRftq1jLvvppAAAH] conectado [5/0/2023 13:59:46]"}
{"level":"warn","message":"Cliente desconectado"}
{"level":"info","message":"Usuario [MhxpSwmgexg4yV5OAAAJ] conectado [5/0/2023 13:59:47]"}
{"level":"warn","message":"Cliente desconectado"}
{"level":"info","message":"Usuario [t0v-d73fVqqggJkYAAAL] conectado [5/0/2023 13:59:50]"}
{"level":"warn","message":"Cliente desconectado"}
{"level":"info","message":"Usuario [cKAcLpvCFqcgujaJAAAN] conectado [5/0/2023 13:59:52]"}
{"level":"info","message":"Servidor corriendo en puerto 8080, mode: FORK"}
{"level":"info","message":"Usuario [UU8PdKzUGSBwRbTgAAAB] conectado [5/0/2023 14:0:28]"}
{"level":"info","message":"Servidor corriendo en puerto 8080, mode: FORK"}
{"level":"info","message":"Usuario [oe2sH9gLrG7MrX4BAAAC] conectado [5/0/2023 14:0:33]"}
{"level":"info","message":"Servidor corriendo en puerto 8080, mode: FORK"}
{"level":"info","message":"Usuario [b-vaJPDYM9lhI1QxAAAB] conectado [5/0/2023 14:0:49]"}
{"level":"info","message":"Servidor corriendo en puerto 8080, mode: FORK"}
{"level":"info","message":"Usuario [JMNmBnzOjzm440n9AAAB] conectado [5/0/2023 14:0:59]"}
{"level":"info","message":"Servidor corriendo en puerto 8080, mode: FORK"}
{"level":"info","message":"Usuario [odPCOwfpyEooffL6AAAB] conectado [5/0/2023 14:1:3]"}
{"level":"info","message":"Servidor corriendo en puerto 8080, mode: FORK"}
{"level":"info","message":"Usuario [Jaodk0frVDKc-SvfAAAB] conectado [6/0/2023 20:13:39]"}
{"level":"warn","message":"Cliente desconectado"}
{"level":"info","message":"Usuario [i5lqQfE7yUU2xj7qAAAD] conectado [6/0/2023 20:13:41]"}
{"level":"warn","message":"Cliente desconectado"}
{"level":"info","message":"Usuario [-9v5HzttDuLaT-EoAAAF] conectado [6/0/2023 20:13:47]"}
{"level":"warn","message":"Cliente desconectado"}
{"level":"info","message":"Usuario [067xbTpZ98SKck9rAAAH] conectado [6/0/2023 20:14:34]"}
{"level":"info","message":"Servidor corriendo en puerto 8080, mode: FORK"}
{"level":"info","message":"Usuario [DLJpYNciwEamokpMAAAB] conectado [6/0/2023 20:17:16]"}
{"level":"info","message":"Servidor corriendo en puerto 8080, mode: FORK"}
{"level":"info","message":"Usuario [fB0tWkStI6hwPUN-AAAB] conectado [6/0/2023 20:17:45]"}
{"level":"info","message":"Servidor corriendo en puerto 8080, mode: FORK"}
{"level":"info","message":"Usuario [akDPl4wMHwbxTqBoAAAB] conectado [6/0/2023 20:18:28]"}
{"level":"info","message":"Servidor corriendo en puerto 8080, mode: FORK"}
{"level":"info","message":"Usuario [i60cI4WBTdY7L2EFAAAB] conectado [6/0/2023 20:18:34]"}
{"level":"info","message":"Servidor corriendo en puerto 8080, mode: FORK"}
{"level":"info","message":"Usuario [ctrVKLU_q7Psv2KBAAAB] conectado [6/0/2023 20:19:14]"}
{"level":"info","message":"Servidor corriendo en puerto 8080, mode: FORK"}
{"level":"info","message":"Usuario [pqX2tprUJnwzQub2AAAB] conectado [6/0/2023 20:19:18]"}
{"level":"info","message":"Servidor corriendo en puerto 8080, mode: FORK"}
{"level":"info","message":"Usuario [x1Ltxp7ZOp1n06mPAAAB] conectado [6/0/2023 20:19:27]"}
{"level":"info","message":"Servidor corriendo en puerto 8080, mode: FORK"}
{"level":"info","message":"Usuario [0QksO5QuEFmVsPpiAAAB] conectado [6/0/2023 20:19:37]"}
{"level":"info","message":"Servidor corriendo en puerto 8080, mode: FORK"}
{"level":"info","message":"Usuario [hJ1Lmd1SuXnyDb7BAAAB] conectado [6/0/2023 20:19:55]"}
{"level":"info","message":"Servidor corriendo en puerto 8080, mode: FORK"}
{"level":"info","message":"Usuario [ZySklZjuiIWHeOYcAAAB] conectado [6/0/2023 20:20:50]"}
{"level":"info","message":"Servidor corriendo en puerto 8080, mode: FORK"}
{"level":"info","message":"Usuario [NQo9iFb5JOVHnPIyAAAB] conectado [6/0/2023 20:27:23]"}
{"level":"info","message":"Servidor corriendo en puerto 8080, mode: FORK"}
{"level":"info","message":"Usuario [HbyG6tSHuEUkHrEeAAAB] conectado [6/0/2023 20:27:46]"}
{"level":"info","message":"Servidor corriendo en puerto 8080, mode: FORK"}
{"level":"info","message":"Usuario [QsUsnwX0545n-wE8AAAB] conectado [6/0/2023 20:28:22]"}
{"level":"info","message":"Servidor corriendo en puerto 8080, mode: FORK"}
{"level":"info","message":"Usuario [NpiNKgfMZ2vvZXHUAAAB] conectado [6/0/2023 20:28:26]"}
{"level":"info","message":"Servidor corriendo en puerto 8080, mode: FORK"}
{"level":"info","message":"Usuario [qjW4msDJ74vi6XleAAAB] conectado [6/0/2023 20:28:46]"}
{"level":"warn","message":"Cliente desconectado"}
{"level":"info","message":"Usuario [wlLM8YY1_-pOE3x3AAAD] conectado [6/0/2023 20:28:51]"}
{"level":"warn","message":"Cliente desconectado"}
{"level":"info","message":"Usuario [Sjf1MUy3iiu6cTOYAAAF] conectado [6/0/2023 20:28:52]"}
{"level":"warn","message":"Cliente desconectado"}
{"level":"info","message":"Usuario [TMvRba_Yay5LDJbPAAAH] conectado [6/0/2023 20:28:57]"}
{"level":"info","message":"Servidor corriendo en puerto 8080, mode: FORK"}
{"level":"info","message":"Usuario [FSx2GY16JFUERdSCAAAB] conectado [6/0/2023 20:29:37]"}
{"level":"info","message":"Servidor corriendo en puerto 8080, mode: FORK"}
{"level":"info","message":"Usuario [lW8xQKTEOM1Kp6dAAAAB] conectado [6/0/2023 20:29:56]"}
{"level":"warn","message":"Cliente desconectado"}
{"level":"info","message":"Usuario [JeHw0gu3CIeB8zRGAAAD] conectado [6/0/2023 20:29:58]"}
{"level":"warn","message":"Cliente desconectado"}
{"level":"info","message":"Usuario [hfoJUajQlSpblFn_AAAF] conectado [6/0/2023 20:29:59]"}
{"level":"warn","message":"Cliente desconectado"}
{"level":"info","message":"Usuario [yxZx8jHzGa24KyLbAAAH] conectado [6/0/2023 20:30:0]"}
{"level":"warn","message":"Cliente desconectado"}
{"level":"info","message":"Usuario [gMmHI7Nn2icywQvxAAAJ] conectado [6/0/2023 20:30:7]"}
{"level":"info","message":"Servidor corriendo en puerto 8080, mode: FORK"}
{"level":"info","message":"Usuario [Gkg1lzvzczuH5iZNAAAB] conectado [6/0/2023 20:31:23]"}
{"level":"warn","message":"Cliente desconectado"}
{"level":"info","message":"Usuario [5lA4IF7KUWSyiUxlAAAD] conectado [6/0/2023 20:31:42]"}
{"level":"warn","message":"Cliente desconectado"}
{"level":"info","message":"Usuario [1D5qN4Vn6xvkVtxHAAAF] conectado [6/0/2023 20:31:44]"}
{"level":"warn","message":"Cliente desconectado"}
{"level":"info","message":"Usuario [V5k7onOL7-QUlczZAAAH] conectado [6/0/2023 20:31:45]"}
{"level":"warn","message":"Cliente desconectado"}
{"level":"info","message":"Servidor corriendo en puerto 8080, mode: FORK"}
{"level":"info","message":"Servidor corriendo en puerto 8080, mode: FORK"}
{"level":"info","message":"Servidor corriendo en puerto 8080, mode: FORK"}
{"level":"info","message":"Servidor corriendo en puerto 8080, mode: FORK"}
{"level":"info","message":"Servidor corriendo en puerto 8080, mode: FORK"}
{"level":"info","message":"Usuario [aKape1CohopvrQv5AAAB] conectado [6/0/2023 20:34:19]"}
{"level":"warn","message":"Cliente desconectado"}
{"level":"info","message":"Usuario [8Db28WBv5PDWSxPRAAAD] conectado [6/0/2023 20:34:20]"}
{"level":"warn","message":"Cliente desconectado"}
{"level":"info","message":"Usuario [iKR0091DXRCWLiXSAAAF] conectado [6/0/2023 20:34:26]"}
{"level":"info","message":"Servidor corriendo en puerto 8080, mode: FORK"}
{"level":"info","message":"Usuario [Z_iUTC7dsInHMTBJAAAB] conectado [6/0/2023 20:34:39]"}
{"level":"warn","message":"Cliente desconectado"}
{"level":"info","message":"Usuario [yHBxxXAdA7aAfZmeAAAD] conectado [6/0/2023 20:34:41]"}
{"level":"warn","message":"Cliente desconectado"}
{"level":"info","message":"Usuario [0t-FPj3vC4zzQJURAAAF] conectado [6/0/2023 20:34:42]"}
{"level":"warn","message":"Cliente desconectado"}
{"level":"info","message":"Usuario [rCaR9b7j3fH3XgZoAAAH] conectado [6/0/2023 20:34:42]"}
{"level":"warn","message":"Cliente desconectado"}
{"level":"info","message":"Usuario [YaLgrA-1KxjLp-JgAAAJ] conectado [6/0/2023 20:34:45]"}
{"level":"info","message":"Servidor corriendo en puerto 8080, mode: FORK"}
{"level":"info","message":"Usuario [tbkZWQc_cxBatg86AAAB] conectado [6/0/2023 20:35:12]"}
{"level":"warn","message":"Cliente desconectado"}
{"level":"info","message":"Usuario [7-d7mGZWJoqKL78AAAAD] conectado [6/0/2023 20:35:13]"}
{"level":"warn","message":"Cliente desconectado"}
{"level":"info","message":"Usuario [yyU6Y7EnV9vkMQDOAAAF] conectado [6/0/2023 20:35:14]"}
{"level":"warn","message":"Cliente desconectado"}
{"level":"info","message":"Usuario [wI5W84LkkgOpy1cfAAAH] conectado [6/0/2023 20:35:15]"}
{"level":"warn","message":"Cliente desconectado"}
{"level":"info","message":"Servidor corriendo en puerto 8080, mode: FORK"}
{"level":"info","message":"Usuario [D685uFC0gtBU1bBXAAAB] conectado [6/0/2023 20:35:34]"}
{"level":"info","message":"Servidor corriendo en puerto 8080, mode: FORK"}
{"level":"info","message":"Usuario [1ep0GcYHxcVgNAulAAAB] conectado [6/0/2023 20:39:16]"}
{"level":"info","message":"Servidor corriendo en puerto 8080, mode: FORK"}
{"level":"info","message":"Usuario [3aDptkFs9cFL1jRDAAAB] conectado [6/0/2023 20:39:58]"}
{"level":"warn","message":"Cliente desconectado"}
{"level":"info","message":"Usuario [F1mSrdmUXggnTIxkAAAD] conectado [6/0/2023 20:40:1]"}
{"level":"warn","message":"Cliente desconectado"}
{"level":"info","message":"Usuario [zdZ0dUN55qG4eA_lAAAF] conectado [6/0/2023 20:40:40]"}
{"level":"warn","message":"Cliente desconectado"}
{"level":"info","message":"Usuario [Sk9y-Fn6yFTqz4GxAAAH] conectado [6/0/2023 20:40:47]"}
{"level":"warn","message":"Cliente desconectado"}
{"level":"info","message":"Servidor corriendo en puerto 8080, mode: FORK"}
{"level":"info","message":"Servidor corriendo en puerto 8080, mode: FORK"}
{"level":"info","message":"Usuario [cO5Z5056_CsMU-rMAAAB] conectado [6/0/2023 20:41:25]"}
{"level":"info","message":"Servidor corriendo en puerto 8080, mode: FORK"}
{"level":"info","message":"Usuario [TtRfgInuw1sGjWigAAAB] conectado [6/0/2023 20:41:34]"}
{"level":"warn","message":"Cliente desconectado"}
{"level":"info","message":"Usuario [uaaIMwuAYv2sVbziAAAD] conectado [6/0/2023 20:41:35]"}
{"level":"info","message":"Servidor corriendo en puerto 8080, mode: FORK"}
{"level":"info","message":"Usuario [4Cn6DjoC5MnSkkK4AAAB] conectado [6/0/2023 20:41:49]"}
{"level":"warn","message":"Cliente desconectado"}
{"level":"info","message":"Usuario [TsWCBUmA9X8TGhi5AAAD] conectado [6/0/2023 20:42:4]"}
{"level":"warn","message":"Cliente desconectado"}
{"level":"info","message":"Usuario [9354QcFmcZm0TdouAAAF] conectado [6/0/2023 20:42:13]"}
{"level":"warn","message":"Cliente desconectado"}
{"level":"info","message":"Usuario [YpKKO1dV8qm8NeB0AAAH] conectado [6/0/2023 20:42:25]"}
{"level":"warn","message":"Cliente desconectado"}
{"level":"info","message":"Usuario [xh2QeD9W6tp57lK_AAAJ] conectado [6/0/2023 20:44:8]"}
{"level":"info","message":"Servidor corriendo en puerto 8080, mode: FORK"}
{"level":"info","message":"Usuario [WeqJPD6nXsLYOqv9AAAC] conectado [6/0/2023 20:44:37]"}
{"level":"info","message":"Servidor corriendo en puerto 8080, mode: FORK"}
{"level":"info","message":"Usuario [tO41dEbMuk09lfwIAAAB] conectado [6/0/2023 20:45:7]"}
{"level":"warn","message":"Cliente desconectado"}
{"level":"info","message":"Usuario [XSumQIMwrICcjTN3AAAD] conectado [6/0/2023 20:45:7]"}
{"level":"info","message":"Servidor corriendo en puerto 8080, mode: FORK"}
{"level":"info","message":"Usuario [pJUghK4ToYoxTNlZAAAB] conectado [6/0/2023 20:45:38]"}
{"level":"warn","message":"Cliente desconectado"}
{"level":"info","message":"Usuario [Lowu0HTBDBYPIr03AAAD] conectado [6/0/2023 20:45:38]"}
{"level":"info","message":"Servidor corriendo en puerto 8080, mode: FORK"}
{"level":"info","message":"Usuario [qxrFrVKytoyT-up9AAAB] conectado [6/0/2023 20:45:49]"}
{"level":"warn","message":"Cliente desconectado"}
{"level":"info","message":"Usuario [x9uWgoERB087QYU7AAAD] conectado [6/0/2023 20:45:50]"}
{"level":"info","message":"Servidor corriendo en puerto 8080, mode: FORK"}
{"level":"info","message":"Usuario [uAdQ9z5rWU4QmazHAAAB] conectado [6/0/2023 20:46:40]"}
{"level":"warn","message":"Cliente desconectado"}
{"level":"info","message":"Usuario [fu2jhQoyLPXmYJOuAAAD] conectado [6/0/2023 20:46:41]"}
{"level":"warn","message":"Cliente desconectado"}
{"level":"info","message":"Servidor corriendo en puerto 8080, mode: FORK"}
{"level":"info","message":"Usuario [sbB2kxPF5JBEgQ0OAAAB] conectado [6/0/2023 20:47:17]"}
{"level":"warn","message":"Cliente desconectado"}
{"level":"info","message":"Servidor corriendo en puerto 8080, mode: FORK"}
{"level":"info","message":"Usuario [AIChlm8Ch-XqhE1jAAAB] conectado [6/0/2023 20:47:32]"}
{"level":"warn","message":"Cliente desconectado"}
{"level":"info","message":"Servidor corriendo en puerto 8080, mode: FORK"}
{"level":"info","message":"Servidor corriendo en puerto 8080, mode: FORK"}
{"level":"info","message":"Usuario [uxNm5LGs7qqWhAldAAAB] conectado [6/0/2023 20:48:4]"}
{"level":"info","message":"Servidor corriendo en puerto 8080, mode: FORK"}
{"level":"info","message":"Usuario [Wk1YhX7-10T5klAhAAAB] conectado [6/0/2023 20:50:46]"}
{"level":"warn","message":"Cliente desconectado"}
{"level":"info","message":"Servidor corriendo en puerto 8080, mode: FORK"}
{"level":"info","message":"Usuario [oYbHkUOfIWeTr3ALAAAB] conectado [6/0/2023 20:54:52]"}
{"level":"info","message":"Servidor corriendo en puerto 8080, mode: FORK"}
{"level":"info","message":"Usuario [GsEj8fHKqnnZtsjJAAAB] conectado [6/0/2023 20:55:12]"}
{"level":"warn","message":"Cliente desconectado"}
{"level":"info","message":"Usuario [Xc4JqCfzv7IcOmScAAAD] conectado [6/0/2023 20:55:24]"}
{"level":"warn","message":"Cliente desconectado"}
{"level":"info","message":"Usuario [RrZ1FjLRSwfT5sWAAAAF] conectado [6/0/2023 20:56:9]"}
{"level":"warn","message":"Cliente desconectado"}
{"level":"info","message":"Usuario [6RWZOvl66Dixf_2uAAAH] conectado [6/0/2023 20:56:10]"}
{"level":"warn","message":"Cliente desconectado"}
{"level":"info","message":"Usuario [hzVJdAOGJ1zbEm0JAAAJ] conectado [6/0/2023 20:56:11]"}
{"level":"warn","message":"Cliente desconectado"}
{"level":"info","message":"Usuario [WLJr1_MmbQS6_csJAAAL] conectado [6/0/2023 20:56:12]"}
{"level":"warn","message":"Cliente desconectado"}
{"level":"info","message":"Usuario [XNj495XiVECvdWZKAAAN] conectado [6/0/2023 20:56:13]"}
{"level":"warn","message":"Cliente desconectado"}
{"level":"info","message":"Usuario [WF51cnAaWowhlM94AAAP] conectado [6/0/2023 20:56:14]"}
{"level":"warn","message":"Cliente desconectado"}
{"level":"info","message":"Usuario [JzzsCzkGOSENMkROAAAR] conectado [6/0/2023 20:56:15]"}
{"level":"warn","message":"Cliente desconectado"}
{"level":"info","message":"Usuario [CZNiZHQW_6VWXhFjAAAT] conectado [6/0/2023 20:56:19]"}
{"level":"warn","message":"Cliente desconectado"}
{"level":"info","message":"Servidor corriendo en puerto 8080, mode: FORK"}
{"level":"info","message":"Usuario [6YVgXzuHh0TCA3uRAAAB] conectado [6/0/2023 20:56:32]"}
{"level":"warn","message":"Cliente desconectado"}
{"level":"info","message":"Usuario [700jMc6BrDlFuGkWAAAD] conectado [6/0/2023 20:57:0]"}
{"level":"warn","message":"Cliente desconectado"}
{"level":"info","message":"Usuario [IaeP5XQccur9FhguAAAF] conectado [6/0/2023 20:57:1]"}
{"level":"warn","message":"Cliente desconectado"}
{"level":"info","message":"Servidor corriendo en puerto 8080, mode: FORK"}
{"level":"info","message":"Servidor corriendo en puerto 8080, mode: FORK"}
{"level":"info","message":"Usuario [gaK3BlfaaXOOjl6oAAAB] conectado [6/0/2023 21:3:45]"}
{"level":"warn","message":"Cliente desconectado"}
{"level":"info","message":"Usuario [VgFLR_Eox1mWOx-sAAAD] conectado [6/0/2023 21:3:46]"}
{"level":"warn","message":"Cliente desconectado"}
{"level":"info","message":"Servidor corriendo en puerto 8080, mode: FORK"}
{"level":"info","message":"Usuario [Q4ai-0Ges9uEPYjcAAAB] conectado [6/0/2023 21:5:34]"}
{"level":"warn","message":"Cliente desconectado"}
{"level":"info","message":"Servidor corriendo en puerto 8080, mode: FORK"}
{"level":"info","message":"Usuario [zpOlEZLy90iXRMfCAAAB] conectado [8/0/2023 10:57:11]"}
{"level":"warn","message":"Cliente desconectado"}
{"level":"info","message":"Usuario [NGmOiulvaXDsSn8_AAAD] conectado [8/0/2023 10:57:13]"}
{"level":"warn","message":"Cliente desconectado"}
{"level":"info","message":"Usuario [uft1FqowtP8eyB9QAAAF] conectado [8/0/2023 10:57:19]"}
{"level":"info","message":"Servidor corriendo en puerto 8080, mode: FORK"}
{"level":"info","message":"Usuario [5YdsT4df4Eh8MRlJAAAB] conectado [8/0/2023 10:59:5]"}
{"level":"info","message":"Servidor corriendo en puerto 8080, mode: FORK"}
{"level":"info","message":"Usuario [HmkmvX2rXsCTmczwAAAB] conectado [8/0/2023 11:0:43]"}
{"level":"info","message":"Servidor corriendo en puerto 8080, mode: FORK"}
{"level":"info","message":"Usuario [mRRUsakTqQ2a7nROAAAB] conectado [8/0/2023 11:0:58]"}
{"level":"info","message":"Servidor corriendo en puerto 8080, mode: FORK"}
{"level":"info","message":"Usuario [H0I9-hssseL6J7E2AAAB] conectado [8/0/2023 11:1:7]"}
{"level":"info","message":"Servidor corriendo en puerto 8080, mode: FORK"}
{"level":"info","message":"Usuario [22Zm046VMsTV_-MrAAAC] conectado [8/0/2023 11:1:10]"}
{"level":"warn","message":"Cliente desconectado"}
{"level":"info","message":"Usuario [vMxlifp0iMEuDKVbAAAE] conectado [8/0/2023 11:1:11]"}
{"level":"warn","message":"Cliente desconectado"}
{"level":"info","message":"Usuario [VnFfyK95zjZU7ulYAAAG] conectado [8/0/2023 11:1:44]"}
{"level":"warn","message":"Cliente desconectado"}
{"level":"info","message":"Servidor corriendo en puerto 8080, mode: FORK"}
{"level":"info","message":"Servidor corriendo en puerto 8080, mode: FORK"}
{"level":"info","message":"Servidor corriendo en puerto 8080, mode: FORK"}
{"level":"info","message":"Usuario [5f7Ui0leCqUzIQAuAAAB] conectado [8/0/2023 11:2:53]"}
{"level":"warn","message":"Cliente desconectado"}
{"level":"info","message":"Servidor corriendo en puerto 8080, mode: FORK"}
{"level":"info","message":"Servidor corriendo en puerto 8080, mode: FORK"}
{"level":"info","message":"Usuario [4Ks2lHPODYqo2X9SAAAB] conectado [8/0/2023 11:4:1]"}
{"level":"warn","message":"Cliente desconectado"}
{"level":"info","message":"Servidor corriendo en puerto 8080, mode: FORK"}
{"level":"info","message":"Usuario [DByNdjwhBEP32bGOAAAB] conectado [8/0/2023 11:4:33]"}
{"level":"warn","message":"Cliente desconectado"}
{"level":"info","message":"Servidor corriendo en puerto 8080, mode: FORK"}
{"level":"info","message":"Usuario [To4ZfwMwFz0Wccc3AAAB] conectado [8/0/2023 11:6:51]"}
{"level":"warn","message":"Cliente desconectado"}
{"level":"info","message":"Servidor corriendo en puerto 8080, mode: FORK"}
{"level":"info","message":"Usuario [i3OzZmb0kqgZepnaAAAB] conectado [8/0/2023 11:7:57]"}
{"level":"warn","message":"Cliente desconectado"}
{"level":"info","message":"Servidor corriendo en puerto 8080, mode: FORK"}
{"level":"info","message":"Usuario [BJXsBBguIKjqTY5bAAAB] conectado [8/0/2023 11:8:37]"}
{"level":"warn","message":"Cliente desconectado"}
{"level":"info","message":"Servidor corriendo en puerto 8080, mode: FORK"}
{"level":"info","message":"Servidor corriendo en puerto 8080, mode: FORK"}
{"level":"info","message":"Usuario [OY0McXyl2sPR4_WmAAAB] conectado [8/0/2023 11:9:5]"}
{"level":"warn","message":"Cliente desconectado"}
{"level":"info","message":"Servidor corriendo en puerto 8080, mode: FORK"}
{"level":"info","message":"Usuario [4MTQzUX-p6LCIvWVAAAB] conectado [8/0/2023 11:14:46]"}
{"level":"warn","message":"Cliente desconectado"}
{"level":"info","message":"Servidor corriendo en puerto 8080, mode: FORK"}
{"level":"info","message":"Servidor corriendo en puerto 8080, mode: FORK"}
{"level":"info","message":"Servidor corriendo en puerto 8080, mode: FORK"}
{"level":"info","message":"Servidor corriendo en puerto 8080, mode: FORK"}
{"level":"info","message":"Usuario [UqAYT5R5j7xSaH7UAAAB] conectado [8/0/2023 11:16:23]"}
{"level":"warn","message":"Cliente desconectado"}
{"level":"info","message":"Servidor corriendo en puerto 8080, mode: FORK"}
{"level":"info","message":"Usuario [CXuA27vjhbdTCdD4AAAB] conectado [8/0/2023 11:17:57]"}
{"level":"warn","message":"Cliente desconectado"}
{"level":"info","message":"Servidor corriendo en puerto 8080, mode: FORK"}
{"level":"info","message":"Servidor corriendo en puerto 8080, mode: FORK"}
{"level":"info","message":"Usuario [-49FkexpclzLDPeiAAAB] conectado [8/0/2023 11:18:32]"}
{"level":"warn","message":"Cliente desconectado"}
{"level":"info","message":"Servidor corriendo en puerto 8080, mode: FORK"}
{"level":"info","message":"Usuario [wD4TheyO_pjo9IEyAAAB] conectado [8/0/2023 11:19:14]"}
{"level":"warn","message":"Cliente desconectado"}
{"level":"info","message":"Usuario [IKDTodZ8b-VP_7kVAAAD] conectado [8/0/2023 11:19:14]"}
{"level":"warn","message":"Cliente desconectado"}
{"level":"info","message":"Servidor corriendo en puerto 8080, mode: FORK"}
{"level":"info","message":"Usuario [-HLTpmZs4VF2TUF4AAAB] conectado [8/0/2023 11:20:4]"}
{"level":"warn","message":"Cliente desconectado"}
{"level":"info","message":"Usuario [IXWKTt4yigbThYZ2AAAD] conectado [8/0/2023 11:20:4]"}
{"level":"warn","message":"Cliente desconectado"}
{"level":"info","message":"Servidor corriendo en puerto 8080, mode: FORK"}
{"level":"info","message":"Servidor corriendo en puerto 8080, mode: FORK"}
{"level":"info","message":"Servidor corriendo en puerto 8080, mode: FORK"}
{"level":"info","message":"Usuario [enRZwx8-iA2wHy8jAAAB] conectado [8/0/2023 11:20:55]"}
{"level":"warn","message":"Cliente desconectado"}
{"level":"info","message":"Servidor corriendo en puerto 8080, mode: FORK"}
{"level":"info","message":"Servidor corriendo en puerto 8080, mode: FORK"}
{"level":"info","message":"Usuario [gHhXVC9d4hA_lWnrAAAB] conectado [8/0/2023 11:22:13]"}
{"level":"warn","message":"Cliente desconectado"}
{"level":"info","message":"Servidor corriendo en puerto 8080, mode: FORK"}
{"level":"info","message":"Usuario [Fno6YummBK7B8agOAAAB] conectado [8/0/2023 11:23:19]"}
{"level":"warn","message":"Cliente desconectado"}
{"level":"info","message":"Servidor corriendo en puerto 8080, mode: FORK"}
{"level":"info","message":"Servidor corriendo en puerto 8080, mode: FORK"}
{"level":"info","message":"Usuario [4uj3RcsrnPwZjaNvAAAB] conectado [8/0/2023 11:24:14]"}
{"level":"warn","message":"Cliente desconectado"}
{"level":"info","message":"Servidor corriendo en puerto 8080, mode: FORK"}
{"level":"info","message":"Usuario [SgjwovgEU_CXUIv0AAAB] conectado [8/0/2023 11:24:32]"}
{"level":"warn","message":"Cliente desconectado"}
{"level":"info","message":"Usuario [jWqutxqGjkFI09I6AAAD] conectado [8/0/2023 11:24:34]"}
{"level":"warn","message":"Cliente desconectado"}
{"level":"info","message":"Servidor corriendo en puerto 8080, mode: FORK"}
{"level":"info","message":"Usuario [AI-GxPrUqntFaCC9AAAB] conectado [8/0/2023 11:24:52]"}
{"level":"warn","message":"Cliente desconectado"}
{"level":"info","message":"Usuario [9OBcZAJ-QwRA9hi_AAAD] conectado [8/0/2023 11:24:53]"}
{"level":"warn","message":"Cliente desconectado"}
{"level":"info","message":"Servidor corriendo en puerto 8080, mode: FORK"}
{"level":"info","message":"Usuario [XiQHuA0xkuEUzGkjAAAB] conectado [8/0/2023 11:25:43]"}
{"level":"warn","message":"Cliente desconectado"}
{"level":"info","message":"Servidor corriendo en puerto 8080, mode: FORK"}
{"level":"info","message":"Usuario [jfAGEXxJ1utH8G2ZAAAB] conectado [8/0/2023 11:26:9]"}
{"level":"warn","message":"Cliente desconectado"}
{"level":"info","message":"Servidor corriendo en puerto 8080, mode: FORK"}
{"level":"info","message":"Servidor corriendo en puerto 8080, mode: FORK"}
{"level":"info","message":"Servidor corriendo en puerto 8080, mode: FORK"}
{"level":"info","message":"Usuario [edL6-He0Mo4d3jXBAAAB] conectado [8/0/2023 11:28:18]"}
{"level":"warn","message":"Cliente desconectado"}
{"level":"info","message":"Servidor corriendo en puerto 8080, mode: FORK"}
{"level":"info","message":"Usuario [gQ-4Iyt4jcl-xzzqAAAB] conectado [8/0/2023 11:28:38]"}
{"level":"warn","message":"Cliente desconectado"}
{"level":"info","message":"Servidor corriendo en puerto 8080, mode: FORK"}
{"level":"info","message":"Servidor corriendo en puerto 8080, mode: FORK"}
{"level":"info","message":"Usuario [mU22e_G9DeLnUEbHAAAB] conectado [8/0/2023 11:37:41]"}
{"level":"warn","message":"Cliente desconectado"}
{"level":"info","message":"Servidor corriendo en puerto 8080, mode: FORK"}
{"level":"info","message":"Usuario [iQsb_PcrT7Q8Sr71AAAB] conectado [8/0/2023 11:38:18]"}
{"level":"warn","message":"Cliente desconectado"}
{"level":"info","message":"Servidor corriendo en puerto 8080, mode: FORK"}
{"level":"info","message":"Usuario [CzE15DCyQ_o_ClIqAAAB] conectado [8/0/2023 11:40:44]"}
{"level":"warn","message":"Cliente desconectado"}
{"level":"info","message":"Servidor corriendo en puerto 8080, mode: FORK"}
{"level":"info","message":"Usuario [3dhWaf68aRO9SVIDAAAB] conectado [8/0/2023 11:42:22]"}
{"level":"warn","message":"Cliente desconectado"}
{"level":"info","message":"Servidor corriendo en puerto 8080, mode: FORK"}
{"level":"info","message":"Usuario [DnIg9h5-y5L80EJHAAAB] conectado [8/0/2023 11:43:14]"}
{"level":"warn","message":"Cliente desconectado"}
{"level":"info","message":"Servidor corriendo en puerto 8080, mode: FORK"}
{"level":"info","message":"Servidor corriendo en puerto 8080, mode: FORK"}
{"level":"info","message":"Usuario [ndQjOx0o3UVTYEbUAAAB] conectado [8/0/2023 11:43:53]"}
{"level":"warn","message":"Cliente desconectado"}
{"level":"info","message":"Servidor corriendo en puerto 8080, mode: FORK"}
{"level":"info","message":"Usuario [MiCkFvbNpQjYmfYsAAAB] conectado [8/0/2023 11:44:13]"}
{"level":"warn","message":"Cliente desconectado"}
{"level":"info","message":"Usuario [iNQIoE9iA-YAQ9-tAAAD] conectado [8/0/2023 11:44:13]"}
{"level":"warn","message":"Cliente desconectado"}
{"level":"info","message":"Servidor corriendo en puerto 8080, mode: FORK"}
{"level":"info","message":"Usuario [sZr3UMORPdfBpiI2AAAB] conectado [8/0/2023 11:45:12]"}
{"level":"warn","message":"Cliente desconectado"}
{"level":"info","message":"Servidor corriendo en puerto 8080, mode: FORK"}
{"level":"info","message":"Servidor corriendo en puerto 8080, mode: FORK"}
{"level":"info","message":"Servidor corriendo en puerto 8080, mode: FORK"}
{"level":"info","message":"Servidor corriendo en puerto 8080, mode: FORK"}
{"level":"info","message":"Servidor corriendo en puerto 8080, mode: FORK"}
{"level":"info","message":"Servidor corriendo en puerto 8080, mode: FORK"}
{"level":"info","message":"Usuario [jQiUVuyIwTYkwKueAAAB] conectado [8/0/2023 11:47:6]"}
{"level":"warn","message":"Cliente desconectado"}
{"level":"info","message":"Usuario [_spgErCYGh50UsMsAAAD] conectado [8/0/2023 11:47:7]"}
{"level":"warn","message":"Cliente desconectado"}
{"level":"info","message":"Servidor corriendo en puerto 8080, mode: FORK"}
{"level":"info","message":"Servidor corriendo en puerto 8080, mode: FORK"}
{"level":"info","message":"Servidor corriendo en puerto 8080, mode: FORK"}
{"level":"info","message":"Usuario [pPPmUFZaMkFTZChHAAAC] conectado [8/0/2023 11:48:35]"}
{"level":"warn","message":"Cliente desconectado"}
{"level":"info","message":"Servidor corriendo en puerto 8080, mode: FORK"}
{"level":"info","message":"Servidor corriendo en puerto 8080, mode: FORK"}
{"level":"info","message":"Usuario [z8_eblIAEejjOGR8AAAB] conectado [8/0/2023 11:49:16]"}
{"level":"warn","message":"Cliente desconectado"}
{"level":"info","message":"Servidor corriendo en puerto 8080, mode: FORK"}
{"level":"info","message":"Servidor corriendo en puerto 8080, mode: FORK"}
{"level":"info","message":"Usuario [dL7XmhkTolnfGfryAAAB] conectado [8/0/2023 11:49:51]"}
{"level":"warn","message":"Cliente desconectado"}
{"level":"info","message":"Servidor corriendo en puerto 8080, mode: FORK"}
{"level":"info","message":"Servidor corriendo en puerto 8080, mode: FORK"}
{"level":"info","message":"Usuario [p3DQK9W8E7hpqhNKAAAB] conectado [8/0/2023 11:50:19]"}
{"level":"warn","message":"Cliente desconectado"}
{"level":"info","message":"Servidor corriendo en puerto 8080, mode: FORK"}
{"level":"info","message":"Usuario [S3QJ-GSgPhCOk5K6AAAB] conectado [8/0/2023 11:50:33]"}
{"level":"warn","message":"Cliente desconectado"}
{"level":"info","message":"Servidor corriendo en puerto 8080, mode: FORK"}
{"level":"info","message":"Usuario [3LjAym-3nUYPiY3xAAAB] conectado [8/0/2023 11:51:57]"}
{"level":"warn","message":"Cliente desconectado"}
{"level":"info","message":"Servidor corriendo en puerto 8080, mode: FORK"}
{"level":"info","message":"Servidor corriendo en puerto 8080, mode: FORK"}
{"level":"info","message":"Usuario [dXYfldqib5ucOnrxAAAB] conectado [8/0/2023 11:52:43]"}
{"level":"warn","message":"Cliente desconectado"}
{"level":"info","message":"Servidor corriendo en puerto 8080, mode: FORK"}
{"level":"info","message":"Servidor corriendo en puerto 8080, mode: FORK"}
{"level":"info","message":"Usuario [zDbtvLdCHro9IHYgAAAB] conectado [8/0/2023 11:53:25]"}
{"level":"warn","message":"Cliente desconectado"}
{"level":"info","message":"Servidor corriendo en puerto 8080, mode: FORK"}
{"level":"info","message":"Usuario [akOhfekkVBazsO6NAAAB] conectado [8/0/2023 11:55:5]"}
{"level":"warn","message":"Cliente desconectado"}
{"level":"info","message":"Servidor corriendo en puerto 8080, mode: FORK"}
{"level":"info","message":"Usuario [xYgo_WX3fSFQ-S9LAAAB] conectado [8/0/2023 14:27:21]"}
{"level":"warn","message":"Cliente desconectado"}
{"level":"info","message":"Servidor corriendo en puerto 8080, mode: FORK"}
{"level":"info","message":"Usuario [633_A5c5Qm_zNf4WAAAB] conectado [8/0/2023 14:27:40]"}
{"level":"warn","message":"Cliente desconectado"}
{"level":"info","message":"Servidor corriendo en puerto 8080, mode: FORK"}
{"level":"info","message":"Usuario [iIRf3mKvcFzzXeYpAAAB] conectado [8/0/2023 14:27:59]"}
{"level":"warn","message":"Cliente desconectado"}
{"level":"info","message":"Servidor corriendo en puerto 8080, mode: FORK"}
{"level":"info","message":"Usuario [WUSKAGN-9ICYXkikAAAB] conectado [8/0/2023 14:28:20]"}
{"level":"warn","message":"Cliente desconectado"}
{"level":"info","message":"Servidor corriendo en puerto 8080, mode: FORK"}
{"level":"info","message":"Usuario [RLP7QvROz9ka7vOQAAAB] conectado [8/0/2023 14:28:42]"}
{"level":"warn","message":"Cliente desconectado"}
{"level":"info","message":"Servidor corriendo en puerto 8080, mode: FORK"}
{"level":"info","message":"Servidor corriendo en puerto 8080, mode: FORK"}
{"level":"info","message":"Usuario [8qAAS_wiRmNHdpY5AAAB] conectado [8/0/2023 14:29:19]"}
{"level":"warn","message":"Cliente desconectado"}
{"level":"info","message":"Servidor corriendo en puerto 8080, mode: FORK"}
{"level":"info","message":"Usuario [JEIjgEoJQ0BlCWR_AAAB] conectado [8/0/2023 14:30:8]"}
{"level":"warn","message":"Cliente desconectado"}
{"level":"info","message":"Usuario [uVrj5Xv2ii1JdJeVAAAD] conectado [8/0/2023 14:30:9]"}
{"level":"warn","message":"Cliente desconectado"}
{"level":"info","message":"Usuario [hteqiCGolGpXc41uAAAF] conectado [8/0/2023 14:30:11]"}
{"level":"info","message":"Servidor corriendo en puerto 8080, mode: FORK"}
{"level":"info","message":"Usuario [W17nSjsLjPvW7fOrAAAB] conectado [8/0/2023 14:30:21]"}
{"level":"warn","message":"Cliente desconectado"}
{"level":"info","message":"Servidor corriendo en puerto 8080, mode: FORK"}
{"level":"info","message":"Servidor corriendo en puerto 8080, mode: FORK"}
{"level":"info","message":"Servidor corriendo en puerto 8080, mode: FORK"}
{"level":"info","message":"Usuario [332y3BeY_Y5n6sZfAAAB] conectado [8/0/2023 14:35:23]"}
{"level":"warn","message":"Cliente desconectado"}
{"level":"info","message":"Servidor corriendo en puerto 8080, mode: FORK"}
{"level":"info","message":"Usuario [SZgXc7bppdSO56vlAAAB] conectado [8/0/2023 14:36:11]"}
{"level":"warn","message":"Cliente desconectado"}
{"level":"info","message":"Servidor corriendo en puerto 8080, mode: FORK"}
{"level":"info","message":"Usuario [MK7LIhOuZYvA-2hJAAAB] conectado [8/0/2023 14:41:21]"}
{"level":"warn","message":"Cliente desconectado"}
{"level":"info","message":"Servidor corriendo en puerto 8080, mode: FORK"}
{"level":"info","message":"Servidor corriendo en puerto 8080, mode: FORK"}
{"level":"info","message":"Usuario [s2QMIwzizvlxD3r2AAAB] conectado [8/0/2023 14:41:41]"}
{"level":"warn","message":"Cliente desconectado"}
{"level":"info","message":"Servidor corriendo en puerto 8080, mode: FORK"}
{"level":"info","message":"Usuario [8MzZuIrpK1737supAAAB] conectado [8/0/2023 14:42:0]"}
{"level":"warn","message":"Cliente desconectado"}
{"level":"info","message":"Servidor corriendo en puerto 8080, mode: FORK"}
{"level":"info","message":"Servidor corriendo en puerto 8080, mode: FORK"}
{"level":"info","message":"Usuario [QivxabWII9Fgp4eJAAAB] conectado [8/0/2023 14:43:53]"}
{"level":"info","message":"Servidor corriendo en puerto 8080, mode: FORK"}
{"level":"info","message":"Usuario [qF8A8DtFbesSjCPIAAAB] conectado [8/0/2023 14:46:6]"}
{"level":"info","message":"Servidor corriendo en puerto 8080, mode: FORK"}
{"level":"info","message":"Usuario [lQYxrlT29K-x5UBqAAAB] conectado [8/0/2023 14:50:47]"}
{"level":"warn","message":"Cliente desconectado"}
{"level":"info","message":"Servidor corriendo en puerto 8080, mode: FORK"}
{"level":"info","message":"Usuario [9KxGYSbkS7SdBCm7AAAB] conectado [8/0/2023 15:1:50]"}
{"level":"warn","message":"Cliente desconectado"}
{"level":"info","message":"Servidor corriendo en puerto 8080, mode: FORK"}
{"level":"info","message":"Usuario [3cfrcMOqSonfgAbGAAAB] conectado [8/0/2023 21:49:37]"}
{"level":"warn","message":"Cliente desconectado"}
{"level":"info","message":"Usuario [wpRGNNhP-NoRH4ALAAAD] conectado [8/0/2023 21:49:39]"}
{"level":"warn","message":"Cliente desconectado"}
{"level":"info","message":"Usuario [iyv_y0SwPE4v_P6PAAAF] conectado [8/0/2023 21:49:41]"}
{"level":"warn","message":"Cliente desconectado"}
{"level":"info","message":"Servidor corriendo en puerto 8080, mode: FORK"}
{"level":"info","message":"Servidor corriendo en puerto 8080, mode: FORK"}
{"level":"info","message":"Servidor corriendo en puerto 8080, mode: FORK"}
{"level":"info","message":"Servidor corriendo en puerto 8080, mode: FORK"}
{"level":"info","message":"Usuario [YKfuTnFSkdzbPQ6PAAAB] conectado [8/0/2023 21:51:19]"}
{"level":"warn","message":"Cliente desconectado"}
{"level":"info","message":"Servidor corriendo en puerto 8080, mode: FORK"}
{"level":"info","message":"Servidor corriendo en puerto 8080, mode: FORK"}
{"level":"info","message":"Usuario [cPhL5DQ_9Ua88mYZAAAB] conectado [8/0/2023 21:54:36]"}
{"level":"warn","message":"Cliente desconectado"}
{"level":"info","message":"Usuario [jG_H6aif3cM2KTrrAAAD] conectado [8/0/2023 21:54:36]"}
{"level":"warn","message":"Cliente desconectado"}
{"level":"info","message":"Servidor corriendo en puerto 8080, mode: FORK"}
{"level":"info","message":"Usuario [P3NfePWk9Psp_0IsAAAB] conectado [8/0/2023 21:55:2]"}
{"level":"warn","message":"Cliente desconectado"}
{"level":"info","message":"Servidor corriendo en puerto 8080, mode: FORK"}
{"level":"info","message":"Servidor corriendo en puerto 8080, mode: FORK"}
{"level":"info","message":"Usuario [k52IrATDyM2SH6XfAAAB] conectado [8/0/2023 21:55:37]"}
{"level":"warn","message":"Cliente desconectado"}
{"level":"info","message":"Servidor corriendo en puerto 8080, mode: FORK"}
{"level":"info","message":"Usuario [hx6j9MCslBwq7cNrAAAB] conectado [8/0/2023 21:55:59]"}
{"level":"warn","message":"Cliente desconectado"}
{"level":"info","message":"Servidor corriendo en puerto 8080, mode: FORK"}
{"level":"info","message":"Servidor corriendo en puerto 8080, mode: FORK"}
{"level":"info","message":"Usuario [2Av0y8PwjK2BWV2EAAAB] conectado [8/0/2023 21:57:34]"}
{"level":"warn","message":"Cliente desconectado"}
{"level":"info","message":"Servidor corriendo en puerto 8080, mode: FORK"}
{"level":"info","message":"Usuario [iRr6dVbV9pCZ1VaRAAAB] conectado [8/0/2023 21:58:4]"}
{"level":"warn","message":"Cliente desconectado"}
{"level":"info","message":"Servidor corriendo en puerto 8080, mode: FORK"}
{"level":"info","message":"Usuario [Smh816-x7ChlVn0SAAAB] conectado [8/0/2023 21:59:10]"}
{"level":"warn","message":"Cliente desconectado"}
{"level":"info","message":"Servidor corriendo en puerto 8080, mode: FORK"}
{"level":"info","message":"Usuario [tYTmHfAHW-mIha5fAAAB] conectado [8/0/2023 21:59:21]"}
{"level":"warn","message":"Cliente desconectado"}
{"level":"info","message":"Servidor corriendo en puerto 8080, mode: FORK"}
{"level":"info","message":"Servidor corriendo en puerto 8080, mode: FORK"}
{"level":"info","message":"Usuario [Kzd7tR7LZ2HX3oBvAAAB] conectado [8/0/2023 22:0:5]"}
{"level":"warn","message":"Cliente desconectado"}
{"level":"info","message":"Servidor corriendo en puerto 8080, mode: FORK"}
{"level":"info","message":"Servidor corriendo en puerto 8080, mode: FORK"}
{"level":"info","message":"Usuario [q4_4L9V-7sDXn_WoAAAB] conectado [8/0/2023 22:0:27]"}
{"level":"warn","message":"Cliente desconectado"}
{"level":"info","message":"Servidor corriendo en puerto 8080, mode: FORK"}
{"level":"info","message":"Usuario [YGCliisx__OCtH-6AAAB] conectado [8/0/2023 22:0:39]"}
{"level":"warn","message":"Cliente desconectado"}
{"level":"info","message":"Servidor corriendo en puerto 8080, mode: FORK"}
{"level":"info","message":"Usuario [uo3boFDZgl0xIETfAAAB] conectado [8/0/2023 22:0:57]"}
{"level":"warn","message":"Cliente desconectado"}
{"level":"info","message":"Servidor corriendo en puerto 8080, mode: FORK"}
{"level":"info","message":"Servidor corriendo en puerto 8080, mode: FORK"}
{"level":"info","message":"Usuario [DPwwJ0sXKKcFYNsqAAAB] conectado [8/0/2023 22:2:37]"}
{"level":"warn","message":"Cliente desconectado"}
{"level":"info","message":"Usuario [J6tX6btvQPJr_FfiAAAD] conectado [8/0/2023 22:2:40]"}
{"level":"info","message":"Servidor corriendo en puerto 8080, mode: FORK"}
{"level":"info","message":"Usuario [IQxwFZtkJ7UGWLA0AAAB] conectado [8/0/2023 22:3:26]"}
{"level":"info","message":"Servidor corriendo en puerto 8080, mode: FORK"}
{"level":"info","message":"Usuario [C17TYTdtV9t2DCWyAAAB] conectado [8/0/2023 22:3:58]"}
{"level":"warn","message":"Cliente desconectado"}
{"level":"info","message":"Usuario [mq7prStDZ8tGjJBkAAAD] conectado [8/0/2023 22:4:5]"}
{"level":"warn","message":"Cliente desconectado"}
{"level":"info","message":"Usuario [Qmlefy_aOV9d8Ny-AAAF] conectado [8/0/2023 22:4:25]"}
{"level":"warn","message":"Cliente desconectado"}
{"level":"info","message":"Usuario [hemGlPLBCdnHsI5eAAAH] conectado [8/0/2023 22:4:26]"}
{"level":"warn","message":"Cliente desconectado"}
{"level":"info","message":"Usuario [p9mAeScdXrmlK3S9AAAJ] conectado [8/0/2023 22:4:38]"}
{"level":"info","message":"Servidor corriendo en puerto 8080, mode: FORK"}
{"level":"info","message":"Usuario [M_h7O7RLFGUGFPe-AAAB] conectado [8/0/2023 22:4:58]"}
{"level":"warn","message":"Cliente desconectado"}
{"level":"info","message":"Usuario [sD-FUhuwQAI0kToaAAAD] conectado [8/0/2023 22:5:1]"}
{"level":"warn","message":"Cliente desconectado"}
{"level":"info","message":"Usuario [9QPlT1CYixzcRsAUAAAF] conectado [8/0/2023 22:5:2]"}
{"level":"warn","message":"Cliente desconectado"}
{"level":"info","message":"Usuario [bqnOoe7Z6J8Rp9bMAAAH] conectado [8/0/2023 22:5:2]"}
{"level":"warn","message":"Cliente desconectado"}
{"level":"info","message":"Usuario [KiYq1XnStqQVbZEhAAAJ] conectado [8/0/2023 22:5:13]"}
{"level":"info","message":"Servidor corriendo en puerto 8080, mode: FORK"}
{"level":"info","message":"Usuario [yCNh-eygfiLc2kt-AAAB] conectado [8/0/2023 22:5:52]"}
{"level":"warn","message":"Cliente desconectado"}
{"level":"info","message":"Usuario [RXA83_UVd94iVGluAAAD] conectado [8/0/2023 22:5:58]"}
{"level":"warn","message":"Cliente desconectado"}
{"level":"info","message":"Usuario [fOrlehcYw0oz1qMYAAAF] conectado [8/0/2023 22:5:59]"}
{"level":"warn","message":"Cliente desconectado"}
{"level":"info","message":"Usuario [NmJQH3JBweJYKV10AAAH] conectado [8/0/2023 22:6:8]"}
{"level":"info","message":"Servidor corriendo en puerto 8080, mode: FORK"}
{"level":"info","message":"Usuario [7guLetP-0BeUYfWGAAAB] conectado [8/0/2023 22:6:40]"}
{"level":"info","message":"Servidor corriendo en puerto 8080, mode: FORK"}
{"level":"info","message":"Usuario [-2p4DUlh_sI8GV6FAAAB] conectado [8/0/2023 22:6:45]"}
{"level":"warn","message":"Cliente desconectado"}
{"level":"info","message":"Usuario [rFuDi2lz_uwffGHKAAAD] conectado [8/0/2023 22:6:48]"}
{"level":"warn","message":"Cliente desconectado"}
{"level":"info","message":"Usuario [iM7F6FTDxI0MaAYgAAAF] conectado [8/0/2023 22:6:56]"}
{"level":"warn","message":"Cliente desconectado"}
{"level":"info","message":"Usuario [4EA0To7K-pC1OaehAAAH] conectado [8/0/2023 22:6:56]"}
{"level":"warn","message":"Cliente desconectado"}
{"level":"info","message":"Usuario [DrB9_QTX1PWDA-c-AAAJ] conectado [8/0/2023 22:7:6]"}
{"level":"info","message":"Servidor corriendo en puerto 8080, mode: FORK"}
{"level":"info","message":"Usuario [8FHhxovjAT2GENcwAAAB] conectado [8/0/2023 22:7:36]"}
{"level":"warn","message":"Cliente desconectado"}
{"level":"info","message":"Usuario [jJ6kgTFkDa9ICAhWAAAD] conectado [8/0/2023 22:7:38]"}
{"level":"warn","message":"Cliente desconectado"}
{"level":"info","message":"Usuario [VTYeuAhRkkMuOAo2AAAF] conectado [8/0/2023 22:7:39]"}
{"level":"warn","message":"Cliente desconectado"}
{"level":"info","message":"Usuario [EgXjE_fkvFdm0VZnAAAH] conectado [8/0/2023 22:7:40]"}
{"level":"warn","message":"Cliente desconectado"}
{"level":"info","message":"Servidor corriendo en puerto 8080, mode: FORK"}
{"level":"info","message":"Usuario [orEJEuTc_a9Rf0KNAAAB] conectado [8/0/2023 22:8:11]"}
{"level":"warn","message":"Cliente desconectado"}
{"level":"info","message":"Servidor corriendo en puerto 8080, mode: FORK"}
{"level":"info","message":"Usuario [1covMEIFv6NbLICNAAAB] conectado [8/0/2023 22:8:29]"}
{"level":"warn","message":"Cliente desconectado"}
{"level":"info","message":"Servidor corriendo en puerto 8080, mode: FORK"}
{"level":"info","message":"Usuario [cLdktrTxTs-6RDIIAAAB] conectado [8/0/2023 22:8:44]"}
{"level":"warn","message":"Cliente desconectado"}
{"level":"info","message":"Servidor corriendo en puerto 8080, mode: FORK"}
{"level":"info","message":"Usuario [hsxM5Ix7Sgb4VbMVAAAB] conectado [8/0/2023 22:9:15]"}
{"level":"warn","message":"Cliente desconectado"}
{"level":"info","message":"Servidor corriendo en puerto 8080, mode: FORK"}
{"level":"info","message":"Usuario [qiL-mVE4NGCNXqI7AAAB] conectado [8/0/2023 22:9:24]"}
{"level":"warn","message":"Cliente desconectado"}
{"level":"info","message":"Servidor corriendo en puerto 8080, mode: FORK"}
{"level":"info","message":"Usuario [kZksUsqHjQyfHcuhAAAB] conectado [8/0/2023 22:9:37]"}
{"level":"warn","message":"Cliente desconectado"}
{"level":"info","message":"Usuario [ckI0SeOE7-WW8x2RAAAD] conectado [8/0/2023 22:9:44]"}
{"level":"info","message":"Servidor corriendo en puerto 8080, mode: FORK"}
{"level":"info","message":"Usuario [56vVuHy5Ovj6YZUyAAAB] conectado [8/0/2023 22:9:59]"}
{"level":"warn","message":"Cliente desconectado"}
{"level":"info","message":"Servidor corriendo en puerto 8080, mode: FORK"}
{"level":"info","message":"Usuario [QE2pDrwtZdmXdqnDAAAB] conectado [8/0/2023 22:10:19]"}
{"level":"warn","message":"Cliente desconectado"}
{"level":"info","message":"Usuario [R1BJ_H7GLANslhGyAAAD] conectado [8/0/2023 22:10:21]"}
{"level":"warn","message":"Cliente desconectado"}
{"level":"info","message":"Usuario [5OsZZD6XZ2fEGT3gAAAF] conectado [8/0/2023 22:10:35]"}
